mode: set
github.com\idcrosby\web-tools\webTools.go:14.51,16.11 2 1
github.com\idcrosby\web-tools\webTools.go:22.2,22.12 1 1
github.com\idcrosby\web-tools\webTools.go:16.11,18.3 1 1
github.com\idcrosby\web-tools\webTools.go:18.4,20.3 1 1
github.com\idcrosby\web-tools\webTools.go:25.51,28.11 3 1
github.com\idcrosby\web-tools\webTools.go:33.2,33.16 1 1
github.com\idcrosby\web-tools\webTools.go:37.2,37.13 1 1
github.com\idcrosby\web-tools\webTools.go:28.11,30.3 1 1
github.com\idcrosby\web-tools\webTools.go:30.4,32.3 1 1
github.com\idcrosby\web-tools\webTools.go:33.16,36.3 2 1
github.com\idcrosby\web-tools\webTools.go:40.57,43.16 3 1
github.com\idcrosby\web-tools\webTools.go:47.2,49.8 3 1
github.com\idcrosby\web-tools\webTools.go:43.16,46.3 2 1
github.com\idcrosby\web-tools\webTools.go:52.72,55.16 3 1
github.com\idcrosby\web-tools\webTools.go:60.2,62.32 2 1
github.com\idcrosby\web-tools\webTools.go:75.2,77.8 3 1
github.com\idcrosby\web-tools\webTools.go:55.16,58.3 2 1
github.com\idcrosby\web-tools\webTools.go:62.32,65.33 3 1
github.com\idcrosby\web-tools\webTools.go:73.3,73.21 1 1
github.com\idcrosby\web-tools\webTools.go:65.33,67.35 1 1
github.com\idcrosby\web-tools\webTools.go:67.35,69.5 1 1
github.com\idcrosby\web-tools\webTools.go:69.6,71.5 1 1
github.com\idcrosby\web-tools\webTools.go:80.34,84.2 3 1
github.com\idcrosby\web-tools\webTools.go:86.35,90.2 3 1
github.com\idcrosby\web-tools\webTools.go:92.50,94.2 1 1
github.com\idcrosby\web-tools\webTools.go:96.50,98.2 1 1
github.com\idcrosby\web-tools\webTools.go:100.23,100.39 1 1
github.com\idcrosby\web-tools\webTools.go:100.39,100.53 1 0
