mode: set
github.com\idcrosby\web-tools\webTools.go:14.51,16.11 2 1
github.com\idcrosby\web-tools\webTools.go:22.2,22.12 1 1
github.com\idcrosby\web-tools\webTools.go:16.11,18.3 1 1
github.com\idcrosby\web-tools\webTools.go:18.4,20.3 1 1
github.com\idcrosby\web-tools\webTools.go:25.68,26.11 1 1
github.com\idcrosby\web-tools\webTools.go:31.2,31.16 1 1
github.com\idcrosby\web-tools\webTools.go:34.2,34.8 1 1
github.com\idcrosby\web-tools\webTools.go:26.11,28.3 1 1
github.com\idcrosby\web-tools\webTools.go:28.4,30.3 1 1
github.com\idcrosby\web-tools\webTools.go:31.16,33.3 1 1
github.com\idcrosby\web-tools\webTools.go:37.57,40.16 3 1
github.com\idcrosby\web-tools\webTools.go:43.2,45.8 3 1
github.com\idcrosby\web-tools\webTools.go:40.16,42.3 1 1
github.com\idcrosby\web-tools\webTools.go:48.80,51.16 3 1
github.com\idcrosby\web-tools\webTools.go:55.2,57.32 2 1
github.com\idcrosby\web-tools\webTools.go:70.2,72.8 3 1
github.com\idcrosby\web-tools\webTools.go:51.16,53.3 1 1
github.com\idcrosby\web-tools\webTools.go:57.32,60.33 3 1
github.com\idcrosby\web-tools\webTools.go:68.3,68.21 1 1
github.com\idcrosby\web-tools\webTools.go:60.33,62.35 1 1
github.com\idcrosby\web-tools\webTools.go:62.35,64.5 1 1
github.com\idcrosby\web-tools\webTools.go:64.6,66.5 1 1
github.com\idcrosby\web-tools\webTools.go:75.80,79.16 3 1
github.com\idcrosby\web-tools\webTools.go:83.2,88.32 4 1
github.com\idcrosby\web-tools\webTools.go:104.2,106.8 3 1
github.com\idcrosby\web-tools\webTools.go:79.16,81.3 1 1
github.com\idcrosby\web-tools\webTools.go:88.32,92.33 3 1
github.com\idcrosby\web-tools\webTools.go:92.33,94.35 1 1
github.com\idcrosby\web-tools\webTools.go:94.35,96.31 1 1
github.com\idcrosby\web-tools\webTools.go:96.31,98.6 1 1
github.com\idcrosby\web-tools\webTools.go:99.6,101.5 1 1
github.com\idcrosby\web-tools\webTools.go:109.74,115.16 3 1
github.com\idcrosby\web-tools\webTools.go:118.2,119.16 2 1
github.com\idcrosby\web-tools\webTools.go:123.2,130.8 6 1
github.com\idcrosby\web-tools\webTools.go:115.16,117.3 1 0
github.com\idcrosby\web-tools\webTools.go:119.16,121.3 1 0
github.com\idcrosby\web-tools\webTools.go:163.34,167.2 3 1
github.com\idcrosby\web-tools\webTools.go:169.35,173.2 3 1
github.com\idcrosby\web-tools\webTools.go:175.50,177.2 1 1
github.com\idcrosby\web-tools\webTools.go:179.50,181.2 1 1
github.com\idcrosby\web-tools\webTools.go:186.102,192.22 2 1
github.com\idcrosby\web-tools\webTools.go:197.2,198.35 2 1
github.com\idcrosby\web-tools\webTools.go:203.2,205.15 2 1
github.com\idcrosby\web-tools\webTools.go:192.22,195.3 2 1
github.com\idcrosby\web-tools\webTools.go:198.35,200.3 1 1
github.com\idcrosby\web-tools\webTools.go:200.4,202.3 1 1
github.com\idcrosby\web-tools\webTools.go:208.95,212.24 3 1
github.com\idcrosby\web-tools\webTools.go:226.2,226.15 1 1
github.com\idcrosby\web-tools\webTools.go:212.24,213.26 1 1
github.com\idcrosby\web-tools\webTools.go:213.26,214.49 1 1
github.com\idcrosby\web-tools\webTools.go:214.49,215.18 1 1
github.com\idcrosby\web-tools\webTools.go:215.18,218.6 2 1
github.com\idcrosby\web-tools\webTools.go:219.6,221.5 1 0
github.com\idcrosby\web-tools\webTools.go:222.5,224.4 1 0
github.com\idcrosby\web-tools\webTools.go:229.23,229.39 1 1
github.com\idcrosby\web-tools\webTools.go:229.39,229.53 1 0
